10:31:20 | pre-commit | git commit | — | —
10:31:25 | session-end | stop event | — | —
10:31:43 | session-start | resume | — | —
10:32:42 | session-end | stop event | — | —
10:42:25 | pre-build | Write /Users/sanjay2025/src/sunj-labs/platform-docs/.gitignore | — | —
10:42:37 | pre-commit | git commit | — | —
10:42:46 | pre-build | Write /Users/sanjay2025/Library/LaunchAgents/com.sunj-labs.auto-save.plist | — | —
10:43:19 | pre-commit | git commit | — | —
10:43:44 | session-end | stop event | — | —
10:43:44 | save-state | checkpoint | — | —
10:49:34 | session-end | stop event | — | —
10:49:34 | save-state | checkpoint | — | —
10:50:05 | session-end | stop event | — | —
10:50:05 | save-state | checkpoint | — | —
10:53:37 | session-end | stop event | — | —
10:53:37 | save-state | checkpoint | — | —
10:54:41 | session-end | stop event | — | —
10:54:41 | save-state | checkpoint | — | —
10:58:07 | save-state | checkpoint | — | —
10:58:08 | pre-build | Edit /Users/sanjay2025/src/sunj-labs/poa/.gitignore | — | —
10:58:17 | pre-commit | git commit | — | —
10:59:02 | session-end | stop event | — | —
10:59:02 | save-state | checkpoint | — | —
10:59:50 | session-end | stop event | — | —
10:59:50 | save-state | checkpoint | — | —
11:13:08 | save-state | checkpoint | — | —
11:28:14 | save-state | checkpoint | — | —
11:43:14 | save-state | checkpoint | — | —
11:58:15 | save-state | checkpoint | — | —
12:13:16 | save-state | checkpoint | — | —
12:28:17 | save-state | checkpoint | — | —
12:43:18 | save-state | checkpoint | — | —
12:58:19 | save-state | checkpoint | — | —
13:13:20 | save-state | checkpoint | — | —
13:28:21 | save-state | checkpoint | — | —
13:43:22 | save-state | checkpoint | — | —
13:58:23 | save-state | checkpoint | — | —
14:13:24 | save-state | checkpoint | — | —
14:28:25 | save-state | checkpoint | — | —
14:43:26 | save-state | checkpoint | — | —
14:58:27 | save-state | checkpoint | — | —
15:13:28 | save-state | checkpoint | — | —
